This is pdfTeX, Version 3.141592653-2.6-1.40.25 (MiKTeX 24.1) (preloaded format=pdflatex 2024.8.30)  6 APR 2025 00:10
entering extended mode
 restricted \write18 enabled.
 file:line:error style messages enabled.
 %&-line parsing enabled.
**"c:/Users/parve/OneDrive - University of Toronto/Desktop/thesis/Thesis/Thesis Latex/Thesis_Latex.tex"
(c:/Users/parve/OneDrive - University of Toronto/Desktop/thesis/Thesis/Thesis Latex/Thesis_Latex.tex
LaTeX2e <2023-11-01> patch level 1
L3 programming layer <2024-01-04>
(C:\Users\parve\AppData\Local\Programs\MiKTeX\tex/latex/base\article.cls
Document Class: article 2023/05/17 v1.4n Standard LaTeX document class
(C:\Users\parve\AppData\Local\Programs\MiKTeX\tex/latex/base\size12.clo
File: size12.clo 2023/05/17 v1.4n Standard LaTeX file (size option)
)
\c@part=\count187
\c@section=\count188
\c@subsection=\count189
\c@subsubsection=\count190
\c@paragraph=\count191
\c@subparagraph=\count192
\c@figure=\count193
\c@table=\count194
\abovecaptionskip=\skip48
\belowcaptionskip=\skip49
\bibindent=\dimen140
) (C:\Users\parve\AppData\Local\Programs\MiKTeX\tex/latex/amsmath\amsmath.sty
Package: amsmath 2023/05/13 v2.17o AMS math features
\@mathmargin=\skip50

For additional information on amsmath, use the `?' option.
(C:\Users\parve\AppData\Local\Programs\MiKTeX\tex/latex/amsmath\amstext.sty
Package: amstext 2021/08/26 v2.01 AMS text
 (C:\Users\parve\AppData\Local\Programs\MiKTeX\tex/latex/amsmath\amsgen.sty
File: amsgen.sty 1999/11/30 v2.0 generic functions
\@emptytoks=\toks17
\ex@=\dimen141
)) (C:\Users\parve\AppData\Local\Programs\MiKTeX\tex/latex/amsmath\amsbsy.sty
Package: amsbsy 1999/11/29 v1.2d Bold Symbols
\pmbraise@=\dimen142
) (C:\Users\parve\AppData\Local\Programs\MiKTeX\tex/latex/amsmath\amsopn.sty
Package: amsopn 2022/04/08 v2.04 operator names
)
\inf@bad=\count195
LaTeX Info: Redefining \frac on input line 234.
\uproot@=\count196
\leftroot@=\count197
LaTeX Info: Redefining \overline on input line 399.
LaTeX Info: Redefining \colon on input line 410.
\classnum@=\count198
\DOTSCASE@=\count199
LaTeX Info: Redefining \ldots on input line 496.
LaTeX Info: Redefining \dots on input line 499.
LaTeX Info: Redefining \cdots on input line 620.
\Mathstrutbox@=\box51
\strutbox@=\box52
LaTeX Info: Redefining \big on input line 722.
LaTeX Info: Redefining \Big on input line 723.
LaTeX Info: Redefining \bigg on input line 724.
LaTeX Info: Redefining \Bigg on input line 725.
\big@size=\dimen143
LaTeX Font Info:    Redeclaring font encoding OML on input line 743.
LaTeX Font Info:    Redeclaring font encoding OMS on input line 744.
\macc@depth=\count266
LaTeX Info: Redefining \bmod on input line 905.
LaTeX Info: Redefining \pmod on input line 910.
LaTeX Info: Redefining \smash on input line 940.
LaTeX Info: Redefining \relbar on input line 970.
LaTeX Info: Redefining \Relbar on input line 971.
\c@MaxMatrixCols=\count267
\dotsspace@=\muskip16
\c@parentequation=\count268
\dspbrk@lvl=\count269
\tag@help=\toks18
\row@=\count270
\column@=\count271
\maxfields@=\count272
\andhelp@=\toks19
\eqnshift@=\dimen144
\alignsep@=\dimen145
\tagshift@=\dimen146
\tagwidth@=\dimen147
\totwidth@=\dimen148
\lineht@=\dimen149
\@envbody=\toks20
\multlinegap=\skip51
\multlinetaggap=\skip52
\mathdisplay@stack=\toks21
LaTeX Info: Redefining \[ on input line 2953.
LaTeX Info: Redefining \] on input line 2954.
) (C:\Users\parve\AppData\Local\Programs\MiKTeX\tex/latex/abstract\abstract.sty
Package: abstract 2009/06/08 v1.2a configurable abstracts
\abstitleskip=\skip53
\absleftindent=\skip54
\absrightindent=\skip55
\absparindent=\skip56
\absparsep=\skip57
) (C:\Users\parve\AppData\Local\Programs\MiKTeX\tex/latex/base\inputenc.sty
Package: inputenc 2021/02/14 v1.3d Input encoding file
\inpenc@prehook=\toks22
\inpenc@posthook=\toks23
) (C:\Users\parve\AppData\Local\Programs\MiKTeX\tex/latex/geometry\geometry.sty
Package: geometry 2020/01/02 v5.9 Page Geometry
 (C:\Users\parve\AppData\Local\Programs\MiKTeX\tex/latex/graphics\keyval.sty
Package: keyval 2022/05/29 v1.15 key=value parser (DPC)
\KV@toks@=\toks24
) (C:\Users\parve\AppData\Local\Programs\MiKTeX\tex/generic/iftex\ifvtex.sty
Package: ifvtex 2019/10/25 v1.7 ifvtex legacy package. Use iftex instead.
 (C:\Users\parve\AppData\Local\Programs\MiKTeX\tex/generic/iftex\iftex.sty
Package: iftex 2022/02/03 v1.0f TeX engine tests
))
\Gm@cnth=\count273
\Gm@cntv=\count274
\c@Gm@tempcnt=\count275
\Gm@bindingoffset=\dimen150
\Gm@wd@mp=\dimen151
\Gm@odd@mp=\dimen152
\Gm@even@mp=\dimen153
\Gm@layoutwidth=\dimen154
\Gm@layoutheight=\dimen155
\Gm@layouthoffset=\dimen156
\Gm@layoutvoffset=\dimen157
\Gm@dimlist=\toks25
 (C:\Users\parve\AppData\Local\Programs\MiKTeX\tex/latex/geometry\geometry.cfg)) (C:\Users\parve\AppData\Local\Programs\MiKTeX\tex/latex/setspace\setspace.sty
Package: setspace 2022/12/04 v6.7b set line spacing
) (C:\Users\parve\AppData\Local\Programs\MiKTeX\tex/latex/graphics\graphicx.sty
Package: graphicx 2021/09/16 v1.2d Enhanced LaTeX Graphics (DPC,SPQR)
 (C:\Users\parve\AppData\Local\Programs\MiKTeX\tex/latex/graphics\graphics.sty
Package: graphics 2022/03/10 v1.4e Standard LaTeX Graphics (DPC,SPQR)
 (C:\Users\parve\AppData\Local\Programs\MiKTeX\tex/latex/graphics\trig.sty
Package: trig 2021/08/11 v1.11 sin cos tan (DPC)
) (C:\Users\parve\AppData\Local\Programs\MiKTeX\tex/latex/graphics-cfg\graphics.cfg
File: graphics.cfg 2016/06/04 v1.11 sample graphics configuration
)
Package graphics Info: Driver file: pdftex.def on input line 107.
 (C:\Users\parve\AppData\Local\Programs\MiKTeX\tex/latex/graphics-def\pdftex.def
File: pdftex.def 2022/09/22 v1.2b Graphics/color driver for pdftex
))
\Gin@req@height=\dimen158
\Gin@req@width=\dimen159
) (C:\Users\parve\AppData\Local\Programs\MiKTeX\tex/latex/tocloft\tocloft.sty
Package: tocloft 2017/08/31 v2.3i parameterised ToC, etc., typesetting
Package tocloft Info: The document has section divisions on input line 51.
\cftparskip=\skip58
\cftbeforetoctitleskip=\skip59
\cftaftertoctitleskip=\skip60
\cftbeforepartskip=\skip61
\cftpartnumwidth=\skip62
\cftpartindent=\skip63
\cftbeforesecskip=\skip64
\cftsecindent=\skip65
\cftsecnumwidth=\skip66
\cftbeforesubsecskip=\skip67
\cftsubsecindent=\skip68
\cftsubsecnumwidth=\skip69
\cftbeforesubsubsecskip=\skip70
\cftsubsubsecindent=\skip71
\cftsubsubsecnumwidth=\skip72
\cftbeforeparaskip=\skip73
\cftparaindent=\skip74
\cftparanumwidth=\skip75
\cftbeforesubparaskip=\skip76
\cftsubparaindent=\skip77
\cftsubparanumwidth=\skip78
\cftbeforeloftitleskip=\skip79
\cftafterloftitleskip=\skip80
\cftbeforefigskip=\skip81
\cftfigindent=\skip82
\cftfignumwidth=\skip83
\c@lofdepth=\count276
\c@lotdepth=\count277
\cftbeforelottitleskip=\skip84
\cftafterlottitleskip=\skip85
\cftbeforetabskip=\skip86
\cfttabindent=\skip87
\cfttabnumwidth=\skip88
) (C:\Users\parve\AppData\Local\Programs\MiKTeX\tex/latex/titlesec\titlesec.sty
Package: titlesec 2025/01/04 v2.17 Sectioning titles
\ttl@box=\box53
\beforetitleunit=\skip89
\aftertitleunit=\skip90
\ttl@plus=\dimen160
\ttl@minus=\dimen161
\ttl@toksa=\toks26
\titlewidth=\dimen162
\titlewidthlast=\dimen163
\titlewidthfirst=\dimen164
) (C:\Users\parve\AppData\Local\Programs\MiKTeX\tex/latex/algorithms\algorithm.sty
Package: algorithm 2009/08/24 v0.1 Document Style `algorithm' - floating environment
 (C:\Users\parve\AppData\Local\Programs\MiKTeX\tex/latex/float\float.sty
Package: float 2001/11/08 v1.3d Float enhancements (AL)
\c@float@type=\count278
\float@exts=\toks27
\float@box=\box54
\@float@everytoks=\toks28
\@floatcapt=\box55
) (C:\Users\parve\AppData\Local\Programs\MiKTeX\tex/latex/base\ifthen.sty
Package: ifthen 2022/04/13 v1.1d Standard LaTeX ifthen package (DPC)
)
\@float@every@algorithm=\toks29
\c@algorithm=\count279
) (C:\Users\parve\AppData\Local\Programs\MiKTeX\tex/latex/algorithmicx\algpseudocode.sty
Package: algpseudocode 
 (C:\Users\parve\AppData\Local\Programs\MiKTeX\tex/latex/algorithmicx\algorithmicx.sty
Package: algorithmicx 2005/04/27 v1.2 Algorithmicx

Document Style algorithmicx 1.2 - a greatly improved `algorithmic' style
\c@ALG@line=\count280
\c@ALG@rem=\count281
\c@ALG@nested=\count282
\ALG@tlm=\skip91
\ALG@thistlm=\skip92
\c@ALG@Lnr=\count283
\c@ALG@blocknr=\count284
\c@ALG@storecount=\count285
\c@ALG@tmpcounter=\count286
\ALG@tmplength=\skip93
)
Document Style - pseudocode environments for use with the `algorithmicx' style
) (C:\Users\parve\AppData\Local\Programs\MiKTeX\tex/latex/makecell\makecell.sty
Package: makecell 2009/08/03 V0.1e Managing of Tab Column Heads and Cells
 (C:\Users\parve\AppData\Local\Programs\MiKTeX\tex/latex/tools\array.sty
Package: array 2023/10/16 v2.5g Tabular extension package (FMi)
\col@sep=\dimen165
\ar@mcellbox=\box56
\extrarowheight=\dimen166
\NC@list=\toks30
\extratabsurround=\skip94
\backup@length=\skip95
\ar@cellbox=\box57
)
\rotheadsize=\dimen167
\c@nlinenum=\count287
\TeXr@lab=\toks31
) (C:\Users\parve\AppData\Local\Programs\MiKTeX\tex/latex/hyperref\hyperref.sty
Package: hyperref 2023-11-26 v7.01g Hypertext links for LaTeX
 (C:\Users\parve\AppData\Local\Programs\MiKTeX\tex/generic/infwarerr\infwarerr.sty
Package: infwarerr 2019/12/03 v1.5 Providing info/warning/error messages (HO)
) (C:\Users\parve\AppData\Local\Programs\MiKTeX\tex/latex/kvsetkeys\kvsetkeys.sty
Package: kvsetkeys 2022-10-05 v1.19 Key value parser (HO)
) (C:\Users\parve\AppData\Local\Programs\MiKTeX\tex/generic/kvdefinekeys\kvdefinekeys.sty
Package: kvdefinekeys 2019-12-19 v1.6 Define keys (HO)
) (C:\Users\parve\AppData\Local\Programs\MiKTeX\tex/generic/pdfescape\pdfescape.sty
Package: pdfescape 2019/12/09 v1.15 Implements pdfTeX's escape features (HO)
 (C:\Users\parve\AppData\Local\Programs\MiKTeX\tex/generic/ltxcmds\ltxcmds.sty
Package: ltxcmds 2023-12-04 v1.26 LaTeX kernel commands for general use (HO)
) (C:\Users\parve\AppData\Local\Programs\MiKTeX\tex/generic/pdftexcmds\pdftexcmds.sty
Package: pdftexcmds 2020-06-27 v0.33 Utility functions of pdfTeX for LuaTeX (HO)
Package pdftexcmds Info: \pdf@primitive is available.
Package pdftexcmds Info: \pdf@ifprimitive is available.
Package pdftexcmds Info: \pdfdraftmode found.
)) (C:\Users\parve\AppData\Local\Programs\MiKTeX\tex/latex/hycolor\hycolor.sty
Package: hycolor 2020-01-27 v1.10 Color options for hyperref/bookmark (HO)
) (C:\Users\parve\AppData\Local\Programs\MiKTeX\tex/latex/letltxmacro\letltxmacro.sty
Package: letltxmacro 2019/12/03 v1.6 Let assignment for LaTeX macros (HO)
) (C:\Users\parve\AppData\Local\Programs\MiKTeX\tex/latex/auxhook\auxhook.sty
Package: auxhook 2019-12-17 v1.6 Hooks for auxiliary files (HO)
) (C:\Users\parve\AppData\Local\Programs\MiKTeX\tex/latex/hyperref\nameref.sty
Package: nameref 2023-11-26 v2.56 Cross-referencing by name of section
 (C:\Users\parve\AppData\Local\Programs\MiKTeX\tex/latex/refcount\refcount.sty
Package: refcount 2019/12/15 v3.6 Data extraction from label references (HO)
) (C:\Users\parve\AppData\Local\Programs\MiKTeX\tex/generic/gettitlestring\gettitlestring.sty
Package: gettitlestring 2019/12/15 v1.6 Cleanup title references (HO)
 (C:\Users\parve\AppData\Local\Programs\MiKTeX\tex/latex/kvoptions\kvoptions.sty
Package: kvoptions 2022-06-15 v3.15 Key value format for package options (HO)
))
\c@section@level=\count288
) (C:\Users\parve\AppData\Local\Programs\MiKTeX\tex/latex/etoolbox\etoolbox.sty
Package: etoolbox 2020/10/05 v2.5k e-TeX tools for LaTeX (JAW)
\etb@tempcnta=\count289
)
\@linkdim=\dimen168
\Hy@linkcounter=\count290
\Hy@pagecounter=\count291
 (C:\Users\parve\AppData\Local\Programs\MiKTeX\tex/latex/hyperref\pd1enc.def
File: pd1enc.def 2023-11-26 v7.01g Hyperref: PDFDocEncoding definition (HO)
Now handling font encoding PD1 ...
... no UTF-8 mapping file for font encoding PD1
) (C:\Users\parve\AppData\Local\Programs\MiKTeX\tex/generic/intcalc\intcalc.sty
Package: intcalc 2019/12/15 v1.3 Expandable calculations with integers (HO)
)
\Hy@SavedSpaceFactor=\count292
 (C:\Users\parve\AppData\Local\Programs\MiKTeX\tex/latex/hyperref\puenc.def
File: puenc.def 2023-11-26 v7.01g Hyperref: PDF Unicode definition (HO)
Now handling font encoding PU ...
... no UTF-8 mapping file for font encoding PU
)
Package hyperref Info: Hyper figures OFF on input line 4181.
Package hyperref Info: Link nesting OFF on input line 4186.
Package hyperref Info: Hyper index ON on input line 4189.
Package hyperref Info: Plain pages OFF on input line 4196.
Package hyperref Info: Backreferencing OFF on input line 4201.
Package hyperref Info: Implicit mode ON; LaTeX internals redefined.
Package hyperref Info: Bookmarks ON on input line 4448.
\c@Hy@tempcnt=\count293
 (C:\Users\parve\AppData\Local\Programs\MiKTeX\tex/latex/url\url.sty
\Urlmuskip=\muskip17
Package: url 2013/09/16  ver 3.4  Verb mode for urls, etc.
)
LaTeX Info: Redefining \url on input line 4786.
\XeTeXLinkMargin=\dimen169
 (C:\Users\parve\AppData\Local\Programs\MiKTeX\tex/generic/bitset\bitset.sty
Package: bitset 2019/12/09 v1.3 Handle bit-vector datatype (HO)
 (C:\Users\parve\AppData\Local\Programs\MiKTeX\tex/generic/bigintcalc\bigintcalc.sty
Package: bigintcalc 2019/12/15 v1.5 Expandable calculations on big integers (HO)
))
\Fld@menulength=\count294
\Field@Width=\dimen170
\Fld@charsize=\dimen171
Package hyperref Info: Hyper figures OFF on input line 6065.
Package hyperref Info: Link nesting OFF on input line 6070.
Package hyperref Info: Hyper index ON on input line 6073.
Package hyperref Info: backreferencing OFF on input line 6080.
Package hyperref Info: Link coloring OFF on input line 6085.
Package hyperref Info: Link coloring with OCG OFF on input line 6090.
Package hyperref Info: PDF/A mode OFF on input line 6095.
 (C:\Users\parve\AppData\Local\Programs\MiKTeX\tex/latex/base\atbegshi-ltx.sty
Package: atbegshi-ltx 2021/01/10 v1.0c Emulation of the original atbegshi
package with kernel methods
)
\Hy@abspage=\count295
\c@Item=\count296
\c@Hfootnote=\count297
)
Package hyperref Info: Driver (autodetected): hpdftex.
 (C:\Users\parve\AppData\Local\Programs\MiKTeX\tex/latex/hyperref\hpdftex.def
File: hpdftex.def 2023-11-26 v7.01g Hyperref driver for pdfTeX
 (C:\Users\parve\AppData\Local\Programs\MiKTeX\tex/latex/base\atveryend-ltx.sty
Package: atveryend-ltx 2020/08/19 v1.0a Emulation of the original atveryend package
with kernel methods
)
\Fld@listcount=\count298
\c@bookmark@seq@number=\count299
 (C:\Users\parve\AppData\Local\Programs\MiKTeX\tex/latex/rerunfilecheck\rerunfilecheck.sty
Package: rerunfilecheck 2022-07-10 v1.10 Rerun checks for auxiliary files (HO)
 (C:\Users\parve\AppData\Local\Programs\MiKTeX\tex/generic/uniquecounter\uniquecounter.sty
Package: uniquecounter 2019/12/15 v1.4 Provide unlimited unique counter (HO)
)
Package uniquecounter Info: New unique counter `rerunfilecheck' on input line 285.
)
\Hy@SectionHShift=\skip96
) (C:\Users\parve\AppData\Local\Programs\MiKTeX\tex/latex/xcolor\xcolor.sty
Package: xcolor 2023/11/15 v3.01 LaTeX color extensions (UK)
 (C:\Users\parve\AppData\Local\Programs\MiKTeX\tex/latex/graphics-cfg\color.cfg
File: color.cfg 2016/01/02 v1.6 sample color configuration
)
Package xcolor Info: Driver file: pdftex.def on input line 274.
 (C:\Users\parve\AppData\Local\Programs\MiKTeX\tex/latex/graphics\mathcolor.ltx)
Package xcolor Info: Model `cmy' substituted by `cmy0' on input line 1350.
Package xcolor Info: Model `hsb' substituted by `rgb' on input line 1354.
Package xcolor Info: Model `RGB' extended on input line 1366.
Package xcolor Info: Model `HTML' substituted by `rgb' on input line 1368.
Package xcolor Info: Model `Hsb' substituted by `hsb' on input line 1369.
Package xcolor Info: Model `tHsb' substituted by `hsb' on input line 1370.
Package xcolor Info: Model `HSB' substituted by `hsb' on input line 1371.
Package xcolor Info: Model `Gray' substituted by `gray' on input line 1372.
Package xcolor Info: Model `wave' substituted by `hsb' on input line 1373.
) (C:\Users\parve\AppData\Local\Programs\MiKTeX\tex/latex/booktabs\booktabs.sty
Package: booktabs 2020/01/12 v1.61803398 Publication quality tables
\heavyrulewidth=\dimen172
\lightrulewidth=\dimen173
\cmidrulewidth=\dimen174
\belowrulesep=\dimen175
\belowbottomsep=\dimen176
\aboverulesep=\dimen177
\abovetopsep=\dimen178
\cmidrulesep=\dimen179
\cmidrulekern=\dimen180
\defaultaddspace=\dimen181
\@cmidla=\count300
\@cmidlb=\count301
\@aboverulesep=\dimen182
\@belowrulesep=\dimen183
\@thisruleclass=\count302
\@lastruleclass=\count303
\@thisrulewidth=\dimen184
) (C:\Users\parve\AppData\Local\Programs\MiKTeX\tex/latex/tools\afterpage.sty
Package: afterpage 2023/07/04 v1.08 After-Page Package (DPC)
\AP@output=\toks32
\AP@partial=\box58
\AP@footins=\box59
)
Package hyperref Info: Option `colorlinks' set `true' on input line 32.
 (C:\Users\parve\AppData\Local\Programs\MiKTeX\tex/latex/l3backend\l3backend-pdftex.def
File: l3backend-pdftex.def 2024-01-04 L3 backend support: PDF output (pdfTeX)
\l__color_backend_stack_int=\count304
\l__pdf_internal_box=\box60
) (Thesis_Latex.aux)
\openout1 = `Thesis_Latex.aux'.

LaTeX Font Info:    Checking defaults for OML/cmm/m/it on input line 64.
LaTeX Font Info:    ... okay on input line 64.
LaTeX Font Info:    Checking defaults for OMS/cmsy/m/n on input line 64.
LaTeX Font Info:    ... okay on input line 64.
LaTeX Font Info:    Checking defaults for OT1/cmr/m/n on input line 64.
LaTeX Font Info:    ... okay on input line 64.
LaTeX Font Info:    Checking defaults for T1/cmr/m/n on input line 64.
LaTeX Font Info:    ... okay on input line 64.
LaTeX Font Info:    Checking defaults for TS1/cmr/m/n on input line 64.
LaTeX Font Info:    ... okay on input line 64.
LaTeX Font Info:    Checking defaults for OMX/cmex/m/n on input line 64.
LaTeX Font Info:    ... okay on input line 64.
LaTeX Font Info:    Checking defaults for U/cmr/m/n on input line 64.
LaTeX Font Info:    ... okay on input line 64.
LaTeX Font Info:    Checking defaults for PD1/pdf/m/n on input line 64.
LaTeX Font Info:    ... okay on input line 64.
LaTeX Font Info:    Checking defaults for PU/pdf/m/n on input line 64.
LaTeX Font Info:    ... okay on input line 64.

*geometry* driver: auto-detecting
*geometry* detected driver: pdftex
*geometry* verbose mode - [ preamble ] result:
* driver: pdftex
* paper: letterpaper
* layout: <same size as paper>
* layoutoffset:(h,v)=(0.0pt,0.0pt)
* modes: 
* h-part:(L,W,R)=(72.26999pt, 469.75502pt, 72.26999pt)
* v-part:(T,H,B)=(72.26999pt, 650.43001pt, 72.26999pt)
* \paperwidth=614.295pt
* \paperheight=794.96999pt
* \textwidth=469.75502pt
* \textheight=650.43001pt
* \oddsidemargin=0.0pt
* \evensidemargin=0.0pt
* \topmargin=-37.0pt
* \headheight=12.0pt
* \headsep=25.0pt
* \topskip=12.0pt
* \footskip=30.0pt
* \marginparwidth=44.0pt
* \marginparsep=10.0pt
* \columnsep=10.0pt
* \skip\footins=10.8pt plus 4.0pt minus 2.0pt
* \hoffset=0.0pt
* \voffset=0.0pt
* \mag=1000
* \@twocolumnfalse
* \@twosidefalse
* \@mparswitchfalse
* \@reversemarginfalse
* (1in=72.27pt=25.4mm, 1cm=28.453pt)

(C:\Users\parve\AppData\Local\Programs\MiKTeX\tex/context/base/mkii\supp-pdf.mkii
[Loading MPS to PDF converter (version 2006.09.02).]
\scratchcounter=\count305
\scratchdimen=\dimen185
\scratchbox=\box61
\nofMPsegments=\count306
\nofMParguments=\count307
\everyMPshowfont=\toks33
\MPscratchCnt=\count308
\MPscratchDim=\dimen186
\MPnumerator=\count309
\makeMPintoPDFobject=\count310
\everyMPtoPDFconversion=\toks34
) (C:\Users\parve\AppData\Local\Programs\MiKTeX\tex/latex/epstopdf-pkg\epstopdf-base.sty
Package: epstopdf-base 2020-01-24 v2.11 Base part for package epstopdf
Package epstopdf-base Info: Redefining graphics rule for `.eps' on input line 485.
 (C:\Users\parve\AppData\Local\Programs\MiKTeX\tex/latex/00miktex\epstopdf-sys.cfg
File: epstopdf-sys.cfg 2021/03/18 v2.0 Configuration of epstopdf for MiKTeX
))
Package hyperref Info: Link coloring ON on input line 64.
 (Thesis_Latex.out) (Thesis_Latex.out)
\@outlinefile=\write3
\openout3 = `Thesis_Latex.out'.

 [1

{C:/Users/parve/AppData/Local/MiKTeX/fonts/map/pdftex/pdftex.map}] [1] [2] (Thesis_Latex.toc)
\tf@toc=\write4
\openout4 = `Thesis_Latex.toc'.

 [3] (Thesis_Latex.lof)
\tf@lof=\write5
\openout5 = `Thesis_Latex.lof'.

 [4] (Thesis_Latex.lot)
\tf@lot=\write6
\openout6 = `Thesis_Latex.lot'.

 [5]
pdfTeX warning (ext4): destination with the same identifier (name{page.1}) has been already used, duplicate ignored
<to be read again> 
                   \relax 
l.122 ...t value, of the event \cite{Jufri}.  \par
                                                   [1]
<./images/Resilience Triangle.pdf, id=238, 660.49133pt x 335.15439pt>
File: ./images/Resilience Triangle.pdf Graphic file (type pdf)
<use ./images/Resilience Triangle.pdf>
Package pdftex.def Info: ./images/Resilience Triangle.pdf  used on input line 126.
(pdftex.def)             Requested size: 469.75502pt x 238.3755pt.
 [2 <./images/Resilience Triangle.pdf>] [3] [4]
<./images/noaaheatmap.png, id=298, 919.9971pt x 680.7834pt>
File: ./images/noaaheatmap.png Graphic file (type png)
<use ./images/noaaheatmap.png>
Package pdftex.def Info: ./images/noaaheatmap.png  used on input line 154.
(pdftex.def)             Requested size: 469.75502pt x 347.62085pt.
 [5]
<./images/heatmapresults.png, id=310, 721.9773pt x 474.0912pt>
File: ./images/heatmapresults.png Graphic file (type png)
<use ./images/heatmapresults.png>
Package pdftex.def Info: ./images/heatmapresults.png  used on input line 164.
(pdftex.def)             Requested size: 469.75502pt x 308.46669pt.
 [6 <./images/noaaheatmap.png>] [7 <./images/heatmapresults.png>]
<./images/WeibullDistribs.pdf, id=327, 515.67656pt x 376.40625pt>
File: ./images/WeibullDistribs.pdf Graphic file (type pdf)
<use ./images/WeibullDistribs.pdf>
Package pdftex.def Info: ./images/WeibullDistribs.pdf  used on input line 173.
(pdftex.def)             Requested size: 469.75502pt x 342.8978pt.
 [8 <./images/WeibullDistribs.pdf>]
<./images/TLfragility.pdf, id=363, 617.30624pt x 405.01312pt>
File: ./images/TLfragility.pdf Graphic file (type pdf)
<use ./images/TLfragility.pdf>
Package pdftex.def Info: ./images/TLfragility.pdf  used on input line 187.
(pdftex.def)             Requested size: 469.75502pt x 308.21486pt.
 [9] [10 <./images/TLfragility.pdf>]
<./images/Mock Grids 2.png, id=395, 676.77844pt x 264.99pt>
File: ./images/Mock Grids 2.png Graphic file (type png)
<use ./images/Mock Grids 2.png>
Package pdftex.def Info: ./images/Mock Grids 2.png  used on input line 199.
(pdftex.def)             Requested size: 469.75502pt x 183.93501pt.
 [11] [12 <./images/Mock Grids 2.png>] [13] [14]
<./images/Pminbroken2.pdf, id=451, 602.25pt x 542.025pt>
File: ./images/Pminbroken2.pdf Graphic file (type pdf)
<use ./images/Pminbroken2.pdf>
Package pdftex.def Info: ./images/Pminbroken2.pdf  used on input line 257.
(pdftex.def)             Requested size: 361.35278pt x 325.2175pt.
 [15]
<./images/costfigure.pdf, id=459, 414.04688pt x 278.54062pt>
File: ./images/costfigure.pdf Graphic file (type pdf)
<use ./images/costfigure.pdf>
Package pdftex.def Info: ./images/costfigure.pdf  used on input line 270.
(pdftex.def)             Requested size: 372.63873pt x 250.68423pt.
 [16 <./images/Pminbroken2.pdf>]
Package hyperref Info: bookmark level for unknown algorithm defaults to 0 on input line 279.
 [17 <./images/costfigure.pdf>] [18]
<./images/LMCFigure.pdf, id=490, 278.54062pt x 278.54062pt>
File: ./images/LMCFigure.pdf Graphic file (type pdf)
<use ./images/LMCFigure.pdf>
Package pdftex.def Info: ./images/LMCFigure.pdf  used on input line 341.
(pdftex.def)             Requested size: 222.8328pt x 222.8328pt.
 [19 <./images/LMCFigure.pdf>]
<./images/RMCFigure.pdf, id=507, 293.59688pt x 286.06876pt>
File: ./images/RMCFigure.pdf Graphic file (type pdf)
<use ./images/RMCFigure.pdf>
Package pdftex.def Info: ./images/RMCFigure.pdf  used on input line 352.
(pdftex.def)             Requested size: 234.8778pt x 228.85532pt.
 [20 <./images/RMCFigure.pdf>] [21] [22] [23] [24]
<./images/Texas5busr1.pdf, id=554, 1248.665pt x 1599.9775pt>
File: ./images/Texas5busr1.pdf Graphic file (type pdf)
<use ./images/Texas5busr1.pdf>
Package pdftex.def Info: ./images/Texas5busr1.pdf  used on input line 448.
(pdftex.def)             Requested size: 299.68571pt x 384.00244pt.
<./images/Hawaii5busr1.pdf, id=556, 1249.66875pt x 1599.9775pt>
File: ./images/Hawaii5busr1.pdf Graphic file (type pdf)
<use ./images/Hawaii5busr1.pdf>
Package pdftex.def Info: ./images/Hawaii5busr1.pdf  used on input line 463.
(pdftex.def)             Requested size: 299.92662pt x 384.00244pt.
 [25] [26 <./images/Texas5busr1.pdf>] [27 <./images/Hawaii5busr1.pdf>]
<./images/Hawaii10busr2.pdf, id=1017, 1249.66875pt x 1599.9775pt>
File: ./images/Hawaii10busr2.pdf Graphic file (type pdf)
<use ./images/Hawaii10busr2.pdf>
Package pdftex.def Info: ./images/Hawaii10busr2.pdf  used on input line 500.
(pdftex.def)             Requested size: 299.92662pt x 384.00244pt.
<./images/Texas10busr2.pdf, id=1019, 1249.66875pt x 1599.9775pt>
File: ./images/Texas10busr2.pdf Graphic file (type pdf)
<use ./images/Texas10busr2.pdf>
Package pdftex.def Info: ./images/Texas10busr2.pdf  used on input line 511.
(pdftex.def)             Requested size: 299.92662pt x 384.00244pt.
 [28] [29 <./images/Hawaii10busr2.pdf>] [30 <./images/Texas10busr2.pdf>]
<./images/Keepnnumsims.pdf, id=1211, 462.52798pt x 346.89601pt>
File: ./images/Keepnnumsims.pdf Graphic file (type pdf)
<use ./images/Keepnnumsims.pdf>
Package pdftex.def Info: ./images/Keepnnumsims.pdf  used on input line 531.
(pdftex.def)             Requested size: 469.75502pt x 352.33656pt.
 [31]
<./images/Keep1numsims.pdf, id=1220, 462.52798pt x 346.89601pt>
File: ./images/Keep1numsims.pdf Graphic file (type pdf)
<use ./images/Keep1numsims.pdf>
Package pdftex.def Info: ./images/Keep1numsims.pdf  used on input line 541.
(pdftex.def)             Requested size: 469.75502pt x 352.33656pt.
 [32 <./images/Keepnnumsims.pdf>]
<./images/Keepvariednumsims.pdf, id=1252, 462.52798pt x 346.89601pt>
File: ./images/Keepvariednumsims.pdf Graphic file (type pdf)
<use ./images/Keepvariednumsims.pdf>
Package pdftex.def Info: ./images/Keepvariednumsims.pdf  used on input line 552.
(pdftex.def)             Requested size: 469.75502pt x 352.33656pt.
<./images/numsimsperbatch.pdf, id=1255, 436.63126pt x 339.2675pt>
File: ./images/numsimsperbatch.pdf Graphic file (type pdf)
<use ./images/numsimsperbatch.pdf>
Package pdftex.def Info: ./images/numsimsperbatch.pdf  used on input line 564.
(pdftex.def)             Requested size: 261.98077pt x 203.56206pt.
 [33 <./images/Keep1numsims.pdf>]
<./images/Assetsremovedincases.pdf, id=1287, 421.575pt x 324.21124pt>
File: ./images/Assetsremovedincases.pdf Graphic file (type pdf)
<use ./images/Assetsremovedincases.pdf>
Package pdftex.def Info: ./images/Assetsremovedincases.pdf  used on input line 575.
(pdftex.def)             Requested size: 252.94695pt x 194.52824pt.
 [34 <./images/Keepvariednumsims.pdf>]
<./images/Assettypesremovedincases.png, id=1320, 1445.4pt x 676.77844pt>
File: ./images/Assettypesremovedincases.png Graphic file (type png)
<use ./images/Assettypesremovedincases.png>
Package pdftex.def Info: ./images/Assettypesremovedincases.png  used on input line 583.
(pdftex.def)             Requested size: 469.75502pt x 219.95038pt.
 [35 <./images/numsimsperbatch.pdf> <./images/Assetsremovedincases.pdf

pdfTeX warning: pdflatex (file ./images/Assetsremovedincases.pdf): PDF inclusion: multiple pdfs with page group included in a single page
>] [36 <./images/Assettypesremovedincases.png (PNG copy)>]
<./images/Timeseachitemhit.png, id=1348, 1445.4pt x 676.77844pt>
File: ./images/Timeseachitemhit.png Graphic file (type png)
<use ./images/Timeseachitemhit.png>
Package pdftex.def Info: ./images/Timeseachitemhit.png  used on input line 633.
(pdftex.def)             Requested size: 469.75502pt x 219.95038pt.
 [37] [38 <./images/Timeseachitemhit.png (PNG copy)>] [39] [40] (Thesis_Latex.bbl [41] [42] [43]) [44]
LaTeX Font Info:    Trying to load font information for OMS+cmr on input line 678.
 (C:\Users\parve\AppData\Local\Programs\MiKTeX\tex/latex/base\omscmr.fd
File: omscmr.fd 2023/04/13 v2.5m Standard LaTeX font definitions
)
LaTeX Font Info:    Font shape `OMS/cmr/m/n' in size <8> not available
(Font)              Font shape `OMS/cmsy/m/n' tried instead on input line 678.
 [45] [46]
pdfTeX warning (ext4): destination with the same identifier (name{page.46}) has been already used, duplicate ignored
<to be read again> 
                   \relax 
l.735 \end{document}
                     [46

] (Thesis_Latex.aux)
 ***********
LaTeX2e <2023-11-01> patch level 1
L3 programming layer <2024-01-04>
 ***********
Package rerunfilecheck Info: File `Thesis_Latex.out' has not changed.
(rerunfilecheck)             Checksum: 91E51ABA97E9EA5BA1DB53868659C71B;4221.
 ) 
Here is how much of TeX's memory you used:
 12316 strings out of 474485
 194992 string characters out of 5743734
 1942542 words of memory out of 5000000
 34264 multiletter control sequences out of 15000+600000
 566404 words of font info for 65 fonts, out of 8000000 for 9000
 1141 hyphenation exceptions out of 8191
 75i,15n,79p,1846b,562s stack positions out of 10000i,1000n,20000p,200000b,200000s
<C:/Users/parve/AppData/Local/Programs/MiKTeX/fonts/type1/public/amsfonts/cm/cmbx10.pfb><C:/Users/parve/AppData/Local/Programs/MiKTeX/fonts/type1/public/amsfonts/cm/cmbx12.pfb><C:/Users/parve/AppData/Local/Programs/MiKTeX/fonts/type1/public/amsfonts/cm/cmbx8.pfb><C:/Users/parve/AppData/Local/Programs/MiKTeX/fonts/type1/public/amsfonts/cm/cmcsc10.pfb><C:/Users/parve/AppData/Local/Programs/MiKTeX/fonts/type1/public/amsfonts/cm/cmex10.pfb><C:/Users/parve/AppData/Local/Programs/MiKTeX/fonts/type1/public/amsfonts/cm/cmmi10.pfb><C:/Users/parve/AppData/Local/Programs/MiKTeX/fonts/type1/public/amsfonts/cm/cmmi12.pfb><C:/Users/parve/AppData/Local/Programs/MiKTeX/fonts/type1/public/amsfonts/cm/cmmi6.pfb><C:/Users/parve/AppData/Local/Programs/MiKTeX/fonts/type1/public/amsfonts/cm/cmmi8.pfb><C:/Users/parve/AppData/Local/Programs/MiKTeX/fonts/type1/public/amsfonts/cm/cmr10.pfb><C:/Users/parve/AppData/Local/Programs/MiKTeX/fonts/type1/public/amsfonts/cm/cmr12.pfb><C:/Users/parve/AppData/Local/Programs/MiKTeX/fonts/type1/public/amsfonts/cm/cmr17.pfb><C:/Users/parve/AppData/Local/Programs/MiKTeX/fonts/type1/public/amsfonts/cm/cmr6.pfb><C:/Users/parve/AppData/Local/Programs/MiKTeX/fonts/type1/public/amsfonts/cm/cmr8.pfb><C:/Users/parve/AppData/Local/Programs/MiKTeX/fonts/type1/public/amsfonts/cm/cmsy10.pfb><C:/Users/parve/AppData/Local/Programs/MiKTeX/fonts/type1/public/amsfonts/cm/cmsy6.pfb><C:/Users/parve/AppData/Local/Programs/MiKTeX/fonts/type1/public/amsfonts/cm/cmsy8.pfb><C:/Users/parve/AppData/Local/Programs/MiKTeX/fonts/type1/public/amsfonts/cm/cmti12.pfb><C:/Users/parve/AppData/Local/Programs/MiKTeX/fonts/type1/public/amsfonts/cm/cmtt12.pfb>
Output written on Thesis_Latex.pdf (53 pages, 1918490 bytes).
PDF statistics:
 1512 PDF objects out of 1728 (max. 8388607)
 162 named destinations out of 1000 (max. 500000)
 330 words of extra memory for PDF output out of 10000 (max. 10000000)

